[2017-05-26 15:29:30.390] [INFO] pomelo - [32m[C:\www\node.js\pomelo\HelloWorld\game-server\node_modules\pomelo\lib\application.js] [39mapplication inited: "connector-server-1"
[2017-05-26 15:29:30.842] [INFO] pomelo - [32m[C:\www\node.js\pomelo\HelloWorld\game-server\node_modules\pomelo\lib\application.js] [39m"connector-server-1" enter after start...
[2017-05-26 15:29:30.853] [INFO] pomelo - [32m[C:\www\node.js\pomelo\HelloWorld\game-server\node_modules\pomelo\lib\application.js] [39m"connector-server-1" finish start
[2017-05-26 15:29:30.854] [INFO] pomelo - [32m[C:\www\node.js\pomelo\HelloWorld\game-server\node_modules\pomelo\lib\application.js] [39m"connector-server-1" startup in 373 ms
[2017-05-27 17:37:41.743] [INFO] pomelo - [32m[C:\www\node.js\pomelo\HelloWorld\game-server\node_modules\pomelo\lib\application.js] [39mapplication inited: "connector-server-1"
[2017-05-27 17:37:43.941] [INFO] pomelo - [32m[C:\www\node.js\pomelo\HelloWorld\game-server\node_modules\pomelo\lib\application.js] [39m"connector-server-1" enter after start...
[2017-05-27 17:37:43.951] [INFO] pomelo - [32m[C:\www\node.js\pomelo\HelloWorld\game-server\node_modules\pomelo\lib\application.js] [39m"connector-server-1" finish start
[2017-05-27 17:37:43.951] [INFO] pomelo - [32m[C:\www\node.js\pomelo\HelloWorld\game-server\node_modules\pomelo\lib\application.js] [39m"connector-server-1" startup in 1662 ms
[2017-05-27 17:38:02.218] [DEBUG] pomelo - [36m[C:\www\node.js\pomelo\HelloWorld\game-server\node_modules\pomelo\lib\components\connector.js] [39m[connector-server-1] getSession session is created with session id: 1
[2017-05-27 17:38:34.588] [DEBUG] pomelo - [36m[C:\www\node.js\pomelo\HelloWorld\game-server\node_modules\pomelo\lib\common\service\sessionService.js] [39msession on [connector-server-1] is closed with session id: 1
[2017-05-27 17:38:40.192] [DEBUG] pomelo - [36m[C:\www\node.js\pomelo\HelloWorld\game-server\node_modules\pomelo\lib\components\connector.js] [39m[connector-server-1] getSession session is created with session id: 2
[2017-05-27 17:41:21.864] [INFO] pomelo - [32m[C:\www\node.js\pomelo\HelloWorld\game-server\node_modules\pomelo\lib\application.js] [39mapplication inited: "connector-server-1"
[2017-05-27 17:41:22.486] [INFO] pomelo - [32m[C:\www\node.js\pomelo\HelloWorld\game-server\node_modules\pomelo\lib\application.js] [39m"connector-server-1" enter after start...
[2017-05-27 17:41:22.494] [INFO] pomelo - [32m[C:\www\node.js\pomelo\HelloWorld\game-server\node_modules\pomelo\lib\application.js] [39m"connector-server-1" finish start
[2017-05-27 17:41:22.495] [INFO] pomelo - [32m[C:\www\node.js\pomelo\HelloWorld\game-server\node_modules\pomelo\lib\application.js] [39m"connector-server-1" startup in 536 ms
[2017-05-27 17:41:26.201] [DEBUG] pomelo - [36m[C:\www\node.js\pomelo\HelloWorld\game-server\node_modules\pomelo\lib\components\connector.js] [39m[connector-server-1] getSession session is created with session id: 1
[2017-05-27 17:41:32.097] [DEBUG] pomelo - [36m[C:\www\node.js\pomelo\HelloWorld\game-server\node_modules\pomelo\lib\common\service\sessionService.js] [39msession on [connector-server-1] is closed with session id: 1
[2017-05-27 17:41:40.277] [DEBUG] pomelo - [36m[C:\www\node.js\pomelo\HelloWorld\game-server\node_modules\pomelo\lib\components\connector.js] [39m[connector-server-1] getSession session is created with session id: 2
[2017-05-27 17:43:00.450] [INFO] pomelo - [32m[C:\www\node.js\pomelo\HelloWorld\game-server\node_modules\pomelo\lib\application.js] [39mapplication inited: "connector-server-1"
[2017-05-27 17:43:00.909] [INFO] pomelo - [32m[C:\www\node.js\pomelo\HelloWorld\game-server\node_modules\pomelo\lib\application.js] [39m"connector-server-1" enter after start...
[2017-05-27 17:43:00.921] [INFO] pomelo - [32m[C:\www\node.js\pomelo\HelloWorld\game-server\node_modules\pomelo\lib\application.js] [39m"connector-server-1" finish start
[2017-05-27 17:43:00.923] [INFO] pomelo - [32m[C:\www\node.js\pomelo\HelloWorld\game-server\node_modules\pomelo\lib\application.js] [39m"connector-server-1" startup in 394 ms
[2017-05-27 17:43:04.872] [DEBUG] pomelo - [36m[C:\www\node.js\pomelo\HelloWorld\game-server\node_modules\pomelo\lib\components\connector.js] [39m[connector-server-1] getSession session is created with session id: 1
[2017-05-27 17:44:24.454] [DEBUG] pomelo - [36m[C:\www\node.js\pomelo\HelloWorld\game-server\node_modules\pomelo\lib\common\service\sessionService.js] [39msession on [connector-server-1] is closed with session id: 1
[2017-05-27 17:44:24.712] [DEBUG] pomelo - [36m[C:\www\node.js\pomelo\HelloWorld\game-server\node_modules\pomelo\lib\components\connector.js] [39m[connector-server-1] getSession session is created with session id: 2
[2017-05-27 17:44:31.462] [DEBUG] pomelo - [36m[C:\www\node.js\pomelo\HelloWorld\game-server\node_modules\pomelo\lib\common\service\sessionService.js] [39msession on [connector-server-1] is closed with session id: 2
[2017-05-27 17:44:35.787] [DEBUG] pomelo - [36m[C:\www\node.js\pomelo\HelloWorld\game-server\node_modules\pomelo\lib\components\connector.js] [39m[connector-server-1] getSession session is created with session id: 3
[2017-05-27 17:44:58.229] [DEBUG] pomelo - [36m[C:\www\node.js\pomelo\HelloWorld\game-server\node_modules\pomelo\lib\common\service\sessionService.js] [39msession on [connector-server-1] is closed with session id: 3
[2017-05-27 17:50:17.854] [DEBUG] pomelo - [36m[C:\www\node.js\pomelo\HelloWorld\game-server\node_modules\pomelo\lib\components\connector.js] [39m[connector-server-1] getSession session is created with session id: 4
[2017-06-08 15:08:10.118] [INFO] pomelo - [32m[C:\www\node.js\pomelo\doudizhu\game-server\node_modules\pomelo\lib\application.js] [39mapplication inited: "connector-server-1"
[2017-06-08 15:08:11.119] [INFO] pomelo - [32m[C:\www\node.js\pomelo\doudizhu\game-server\node_modules\pomelo\lib\application.js] [39m"connector-server-1" enter after start...
[2017-06-08 15:08:11.128] [INFO] pomelo - [32m[C:\www\node.js\pomelo\doudizhu\game-server\node_modules\pomelo\lib\application.js] [39m"connector-server-1" finish start
[2017-06-08 15:08:11.128] [INFO] pomelo - [32m[C:\www\node.js\pomelo\doudizhu\game-server\node_modules\pomelo\lib\application.js] [39m"connector-server-1" startup in 939 ms
[2017-06-09 13:45:22.194] [INFO] pomelo - [32m[C:\www\node.js\pomelo\doudizhu\game-server\node_modules\pomelo\lib\application.js] [39mapplication inited: "connector-server-1"
[2017-06-09 13:45:24.283] [INFO] pomelo - [32m[C:\www\node.js\pomelo\doudizhu\game-server\node_modules\pomelo\lib\application.js] [39m"connector-server-1" enter after start...
[2017-06-09 13:45:24.292] [INFO] pomelo - [32m[C:\www\node.js\pomelo\doudizhu\game-server\node_modules\pomelo\lib\application.js] [39m"connector-server-1" finish start
[2017-06-09 13:45:24.293] [INFO] pomelo - [32m[C:\www\node.js\pomelo\doudizhu\game-server\node_modules\pomelo\lib\application.js] [39m"connector-server-1" startup in 1578 ms
[2017-06-09 13:51:55.699] [DEBUG] pomelo - [36m[C:\www\node.js\pomelo\doudizhu\game-server\node_modules\pomelo\lib\components\connector.js] [39m[connector-server-1] getSession session is created with session id: 1
[2017-06-09 13:51:57.046] [DEBUG] pomelo - [36m[C:\www\node.js\pomelo\doudizhu\game-server\node_modules\pomelo\lib\components\connector.js] [39m[connector-server-1] getSession session is created with session id: 2
[2017-06-09 13:51:59.983] [DEBUG] pomelo - [36m[C:\www\node.js\pomelo\doudizhu\game-server\node_modules\pomelo\lib\components\connector.js] [39m[connector-server-1] handleMessage session id: 2, msg: {"id":1,"type":0,"compressRoute":0,"route":"connector.entryHandler.entry","body":{"uid":3,"uname":"zhangsan"},"compressGzip":0}
[2017-06-09 13:52:00.069] [DEBUG] pomelo - [36m[C:\www\node.js\pomelo\doudizhu\game-server\node_modules\pomelo\lib\components\connector.js] [39m[connector-server-1] send message reqId: 1, route: connector.entryHandler.entry, msg: {"id":1,"name":"zhangsan"}, receivers: [2], opts: {"type":"response","userOptions":{},"isResponse":true}
[2017-06-09 13:52:00.072] [DEBUG] pomelo - [36m[C:\www\node.js\pomelo\doudizhu\game-server\node_modules\pomelo\lib\components\connector.js] [39m[connector-server-1] handleMessage session id: 1, msg: {"id":1,"type":0,"compressRoute":0,"route":"connector.entryHandler.entry","body":{"uid":3,"uname":"zhangsan"},"compressGzip":0}
[2017-06-09 13:52:00.073] [DEBUG] pomelo - [36m[C:\www\node.js\pomelo\doudizhu\game-server\node_modules\pomelo\lib\components\connector.js] [39m[connector-server-1] send message reqId: 1, route: connector.entryHandler.entry, msg: {"id":1,"name":"zhangsan"}, receivers: [1], opts: {"type":"response","userOptions":{},"isResponse":true}
[2017-06-09 13:52:03.444] [INFO] pomelo - [32m[C:\www\node.js\pomelo\doudizhu\game-server\node_modules\pomelo\lib\connectors\commands\heartbeat.js] [39mclient 1 heartbeat timeout.
[2017-06-09 13:52:03.445] [DEBUG] pomelo - [36m[C:\www\node.js\pomelo\doudizhu\game-server\node_modules\pomelo\lib\common\service\sessionService.js] [39msession on [connector-server-1] is closed with session id: 1
[2017-06-09 13:52:07.936] [DEBUG] pomelo - [36m[C:\www\node.js\pomelo\doudizhu\game-server\node_modules\pomelo\lib\components\connector.js] [39m[connector-server-1] getSession session is created with session id: 3
[2017-06-09 13:52:09.737] [DEBUG] pomelo - [36m[C:\www\node.js\pomelo\doudizhu\game-server\node_modules\pomelo\lib\components\connector.js] [39m[connector-server-1] handleMessage session id: 3, msg: {"id":1,"type":0,"compressRoute":0,"route":"connector.entryHandler.entry","body":{"uid":3,"uname":"zhangsan"},"compressGzip":0}
[2017-06-09 13:52:09.737] [DEBUG] pomelo - [36m[C:\www\node.js\pomelo\doudizhu\game-server\node_modules\pomelo\lib\components\connector.js] [39m[connector-server-1] send message reqId: 1, route: connector.entryHandler.entry, msg: {"id":1,"name":"zhangsan"}, receivers: [3], opts: {"type":"response","userOptions":{},"isResponse":true}
[2017-06-09 13:52:12.016] [DEBUG] pomelo - [36m[C:\www\node.js\pomelo\doudizhu\game-server\node_modules\pomelo\lib\common\service\sessionService.js] [39msession on [connector-server-1] is closed with session id: 3
[2017-06-09 13:52:12.206] [DEBUG] pomelo - [36m[C:\www\node.js\pomelo\doudizhu\game-server\node_modules\pomelo\lib\components\connector.js] [39m[connector-server-1] getSession session is created with session id: 4
[2017-06-09 13:52:13.804] [DEBUG] pomelo - [36m[C:\www\node.js\pomelo\doudizhu\game-server\node_modules\pomelo\lib\components\connector.js] [39m[connector-server-1] handleMessage session id: 4, msg: {"id":1,"type":0,"compressRoute":0,"route":"connector.entryHandler.entry","body":{"uid":3,"uname":"zhangsan"},"compressGzip":0}
[2017-06-09 13:52:13.805] [DEBUG] pomelo - [36m[C:\www\node.js\pomelo\doudizhu\game-server\node_modules\pomelo\lib\components\connector.js] [39m[connector-server-1] send message reqId: 1, route: connector.entryHandler.entry, msg: {"id":1,"name":"zhangsan"}, receivers: [4], opts: {"type":"response","userOptions":{},"isResponse":true}
[2017-06-09 13:52:18.220] [INFO] pomelo - [32m[C:\www\node.js\pomelo\doudizhu\game-server\node_modules\pomelo\lib\connectors\commands\heartbeat.js] [39mclient 4 heartbeat timeout.
[2017-06-09 13:52:18.221] [DEBUG] pomelo - [36m[C:\www\node.js\pomelo\doudizhu\game-server\node_modules\pomelo\lib\common\service\sessionService.js] [39msession on [connector-server-1] is closed with session id: 4
[2017-06-09 13:52:26.493] [DEBUG] pomelo - [36m[C:\www\node.js\pomelo\doudizhu\game-server\node_modules\pomelo\lib\common\service\sessionService.js] [39msession on [connector-server-1] is closed with session id: 2
[2017-06-09 13:52:27.146] [DEBUG] pomelo - [36m[C:\www\node.js\pomelo\doudizhu\game-server\node_modules\pomelo\lib\components\connector.js] [39m[connector-server-1] getSession session is created with session id: 5
[2017-06-09 13:52:27.498] [DEBUG] pomelo - [36m[C:\www\node.js\pomelo\doudizhu\game-server\node_modules\pomelo\lib\components\connector.js] [39m[connector-server-1] getSession session is created with session id: 6
[2017-06-09 13:52:27.686] [DEBUG] pomelo - [36m[C:\www\node.js\pomelo\doudizhu\game-server\node_modules\pomelo\lib\components\connector.js] [39m[connector-server-1] handleMessage session id: 5, msg: {"id":1,"type":0,"compressRoute":0,"route":"connector.entryHandler.entry","body":{"uid":3,"uname":"zhangsan"},"compressGzip":0}
[2017-06-09 13:52:27.686] [DEBUG] pomelo - [36m[C:\www\node.js\pomelo\doudizhu\game-server\node_modules\pomelo\lib\components\connector.js] [39m[connector-server-1] send message reqId: 1, route: connector.entryHandler.entry, msg: {"id":1,"name":"zhangsan"}, receivers: [5], opts: {"type":"response","userOptions":{},"isResponse":true}
[2017-06-09 13:52:27.703] [DEBUG] pomelo - [36m[C:\www\node.js\pomelo\doudizhu\game-server\node_modules\pomelo\lib\components\connector.js] [39m[connector-server-1] handleMessage session id: 6, msg: {"id":1,"type":0,"compressRoute":0,"route":"connector.entryHandler.entry","body":{"uid":3,"uname":"zhangsan"},"compressGzip":0}
[2017-06-09 13:52:27.705] [DEBUG] pomelo - [36m[C:\www\node.js\pomelo\doudizhu\game-server\node_modules\pomelo\lib\components\connector.js] [39m[connector-server-1] send message reqId: 1, route: connector.entryHandler.entry, msg: {"id":1,"name":"zhangsan"}, receivers: [6], opts: {"type":"response","userOptions":{},"isResponse":true}
[2017-06-09 13:52:31.641] [DEBUG] pomelo - [36m[C:\www\node.js\pomelo\doudizhu\game-server\node_modules\pomelo\lib\common\service\sessionService.js] [39msession on [connector-server-1] is closed with session id: 6
[2017-06-09 13:52:31.999] [DEBUG] pomelo - [36m[C:\www\node.js\pomelo\doudizhu\game-server\node_modules\pomelo\lib\components\connector.js] [39m[connector-server-1] getSession session is created with session id: 7
[2017-06-09 13:52:32.126] [DEBUG] pomelo - [36m[C:\www\node.js\pomelo\doudizhu\game-server\node_modules\pomelo\lib\components\connector.js] [39m[connector-server-1] handleMessage session id: 7, msg: {"id":1,"type":0,"compressRoute":0,"route":"connector.entryHandler.entry","body":{"uid":3,"uname":"zhangsan"},"compressGzip":0}
[2017-06-09 13:52:32.127] [DEBUG] pomelo - [36m[C:\www\node.js\pomelo\doudizhu\game-server\node_modules\pomelo\lib\components\connector.js] [39m[connector-server-1] send message reqId: 1, route: connector.entryHandler.entry, msg: {"id":1,"name":"zhangsan"}, receivers: [7], opts: {"type":"response","userOptions":{},"isResponse":true}
[2017-06-09 13:52:35.752] [DEBUG] pomelo - [36m[C:\www\node.js\pomelo\doudizhu\game-server\node_modules\pomelo\lib\common\service\sessionService.js] [39msession on [connector-server-1] is closed with session id: 7
[2017-06-09 13:52:36.044] [DEBUG] pomelo - [36m[C:\www\node.js\pomelo\doudizhu\game-server\node_modules\pomelo\lib\components\connector.js] [39m[connector-server-1] getSession session is created with session id: 8
[2017-06-09 13:52:37.100] [DEBUG] pomelo - [36m[C:\www\node.js\pomelo\doudizhu\game-server\node_modules\pomelo\lib\components\connector.js] [39m[connector-server-1] handleMessage session id: 8, msg: {"id":1,"type":0,"compressRoute":0,"route":"connector.entryHandler.entry","body":{"uid":3,"uname":"zhangsan"},"compressGzip":0}
[2017-06-09 13:52:37.101] [DEBUG] pomelo - [36m[C:\www\node.js\pomelo\doudizhu\game-server\node_modules\pomelo\lib\components\connector.js] [39m[connector-server-1] send message reqId: 1, route: connector.entryHandler.entry, msg: {"id":1,"name":"zhangsan"}, receivers: [8], opts: {"type":"response","userOptions":{},"isResponse":true}
[2017-06-09 13:52:42.058] [INFO] pomelo - [32m[C:\www\node.js\pomelo\doudizhu\game-server\node_modules\pomelo\lib\connectors\commands\heartbeat.js] [39mclient 8 heartbeat timeout.
[2017-06-09 13:52:42.058] [DEBUG] pomelo - [36m[C:\www\node.js\pomelo\doudizhu\game-server\node_modules\pomelo\lib\common\service\sessionService.js] [39msession on [connector-server-1] is closed with session id: 8
[2017-06-09 13:53:14.258] [DEBUG] pomelo - [36m[C:\www\node.js\pomelo\doudizhu\game-server\node_modules\pomelo\lib\components\connector.js] [39m[connector-server-1] getSession session is created with session id: 9
[2017-06-09 13:53:16.272] [DEBUG] pomelo - [36m[C:\www\node.js\pomelo\doudizhu\game-server\node_modules\pomelo\lib\components\connector.js] [39m[connector-server-1] handleMessage session id: 9, msg: {"id":1,"type":0,"compressRoute":0,"route":"connector.entryHandler.entry","body":{"uid":3,"uname":"zhangsan"},"compressGzip":0}
[2017-06-09 13:53:16.272] [DEBUG] pomelo - [36m[C:\www\node.js\pomelo\doudizhu\game-server\node_modules\pomelo\lib\components\connector.js] [39m[connector-server-1] send message reqId: 1, route: connector.entryHandler.entry, msg: {"id":1,"name":"zhangsan"}, receivers: [9], opts: {"type":"response","userOptions":{},"isResponse":true}
[2017-06-09 13:53:20.277] [INFO] pomelo - [32m[C:\www\node.js\pomelo\doudizhu\game-server\node_modules\pomelo\lib\connectors\commands\heartbeat.js] [39mclient 9 heartbeat timeout.
[2017-06-09 13:53:20.277] [DEBUG] pomelo - [36m[C:\www\node.js\pomelo\doudizhu\game-server\node_modules\pomelo\lib\common\service\sessionService.js] [39msession on [connector-server-1] is closed with session id: 9
[2017-06-09 14:02:41.234] [DEBUG] pomelo - [36m[C:\www\node.js\pomelo\doudizhu\game-server\node_modules\pomelo\lib\common\service\sessionService.js] [39msession on [connector-server-1] is closed with session id: 5
[2017-06-09 18:21:00.240] [INFO] pomelo - [32m[C:\www\node.js\pomelo\doudizhu\game-server\node_modules\pomelo\lib\application.js] [39mapplication inited: "connector-server-1"
[2017-06-09 18:21:03.248] [INFO] pomelo - [32m[C:\www\node.js\pomelo\doudizhu\game-server\node_modules\pomelo\lib\application.js] [39m"connector-server-1" enter after start...
[2017-06-09 18:21:03.252] [INFO] pomelo - [32m[C:\www\node.js\pomelo\doudizhu\game-server\node_modules\pomelo\lib\application.js] [39m"connector-server-1" finish start
[2017-06-09 18:21:03.253] [INFO] pomelo - [32m[C:\www\node.js\pomelo\doudizhu\game-server\node_modules\pomelo\lib\application.js] [39m"connector-server-1" startup in 2225 ms
[2017-06-09 18:22:00.012] [DEBUG] pomelo - [36m[C:\www\node.js\pomelo\doudizhu\game-server\node_modules\pomelo\lib\components\connector.js] [39m[connector-server-1] getSession session is created with session id: 1
[2017-06-09 18:22:00.395] [DEBUG] pomelo - [36m[C:\www\node.js\pomelo\doudizhu\game-server\node_modules\pomelo\lib\components\connector.js] [39m[connector-server-1] handleMessage session id: 1, msg: {"id":0,"type":1,"compressRoute":0,"route":"connector.roomHandler.enterRoom","body":{"id":"59350a000cdb5c5d0437d7f6","nicheng":"bb","room":"room2"},"compressGzip":0}
[2017-06-09 18:22:00.441] [WARN] pomelo - [33m[C:\www\node.js\pomelo\doudizhu\game-server\node_modules\pomelo\lib\common\service\handlerService.js] [39mcould not find handler for routeRecord: {"route":"connector.roomHandler.enterRoom","serverType":"connector","handler":"roomHandler","method":"enterRoom"}
[2017-06-09 18:22:00.442] [ERROR] pomelo - [31m[C:\www\node.js\pomelo\doudizhu\game-server\node_modules\pomelo\lib\common\service\handlerService.js] [39m[handleManager]: fail to find handler for "connector.roomHandler.enterRoom"
[2017-06-09 18:22:00.444] [DEBUG] pomelo - [36m[C:\www\node.js\pomelo\doudizhu\game-server\node_modules\pomelo\lib\server\server.js] [39mno default error handler to resolve unknown exception. Error: fail to find handler for connector.roomHandler.enterRoom
    at Service.handle (C:\www\node.js\pomelo\doudizhu\game-server\node_modules\pomelo\lib\common\service\handlerService.js:35:30)
    at handle (C:\www\node.js\pomelo\doudizhu\game-server\node_modules\pomelo\lib\server\server.js:375:25)
    at next (C:\www\node.js\pomelo\doudizhu\game-server\node_modules\pomelo\lib\common\service\filterService.js:50:7)
    at Service.beforeFilter (C:\www\node.js\pomelo\doudizhu\game-server\node_modules\pomelo\lib\common\service\filterService.js:65:3)
    at beforeFilter (C:\www\node.js\pomelo\doudizhu\game-server\node_modules\pomelo\lib\server\server.js:242:8)
    at doHandle (C:\www\node.js\pomelo\doudizhu\game-server\node_modules\pomelo\lib\server\server.js:388:3)
    at dispatch (C:\www\node.js\pomelo\doudizhu\game-server\node_modules\pomelo\lib\server\server.js:107:7)
    at next (C:\www\node.js\pomelo\doudizhu\game-server\node_modules\pomelo\lib\common\service\filterService.js:50:7)
    at Service.beforeFilter (C:\www\node.js\pomelo\doudizhu\game-server\node_modules\pomelo\lib\common\service\filterService.js:65:3)
    at beforeFilter (C:\www\node.js\pomelo\doudizhu\game-server\node_modules\pomelo\lib\server\server.js:242:8)
[2017-06-09 18:26:01.243] [INFO] pomelo - [32m[C:\www\node.js\pomelo\doudizhu\game-server\node_modules\pomelo\lib\application.js] [39mapplication inited: "connector-server-1"
[2017-06-09 18:26:03.025] [INFO] pomelo - [32m[C:\www\node.js\pomelo\doudizhu\game-server\node_modules\pomelo\lib\application.js] [39m"connector-server-1" enter after start...
[2017-06-09 18:26:03.030] [INFO] pomelo - [32m[C:\www\node.js\pomelo\doudizhu\game-server\node_modules\pomelo\lib\application.js] [39m"connector-server-1" finish start
[2017-06-09 18:26:03.030] [INFO] pomelo - [32m[C:\www\node.js\pomelo\doudizhu\game-server\node_modules\pomelo\lib\application.js] [39m"connector-server-1" startup in 1338 ms
[2017-06-09 18:26:22.953] [DEBUG] pomelo - [36m[C:\www\node.js\pomelo\doudizhu\game-server\node_modules\pomelo\lib\components\connector.js] [39m[connector-server-1] getSession session is created with session id: 1
[2017-06-09 18:26:22.976] [DEBUG] pomelo - [36m[C:\www\node.js\pomelo\doudizhu\game-server\node_modules\pomelo\lib\components\connector.js] [39m[connector-server-1] handleMessage session id: 1, msg: {"id":0,"type":1,"compressRoute":0,"route":"connector.roomHandler.enterRoom","body":{"id":"59350a000cdb5c5d0437d7f6","nicheng":"bb","room":"room3"},"compressGzip":0}
[2017-06-09 18:26:22.980] [WARN] pomelo - [33m[C:\www\node.js\pomelo\doudizhu\game-server\node_modules\pomelo\lib\common\service\handlerService.js] [39mcould not find handler for routeRecord: {"route":"connector.roomHandler.enterRoom","serverType":"connector","handler":"roomHandler","method":"enterRoom"}
[2017-06-09 18:26:22.981] [ERROR] pomelo - [31m[C:\www\node.js\pomelo\doudizhu\game-server\node_modules\pomelo\lib\common\service\handlerService.js] [39m[handleManager]: fail to find handler for "connector.roomHandler.enterRoom"
[2017-06-09 18:26:22.985] [DEBUG] pomelo - [36m[C:\www\node.js\pomelo\doudizhu\game-server\node_modules\pomelo\lib\server\server.js] [39mno default error handler to resolve unknown exception. Error: fail to find handler for connector.roomHandler.enterRoom
    at Service.handle (C:\www\node.js\pomelo\doudizhu\game-server\node_modules\pomelo\lib\common\service\handlerService.js:35:30)
    at handle (C:\www\node.js\pomelo\doudizhu\game-server\node_modules\pomelo\lib\server\server.js:375:25)
    at next (C:\www\node.js\pomelo\doudizhu\game-server\node_modules\pomelo\lib\common\service\filterService.js:50:7)
    at Service.beforeFilter (C:\www\node.js\pomelo\doudizhu\game-server\node_modules\pomelo\lib\common\service\filterService.js:65:3)
    at beforeFilter (C:\www\node.js\pomelo\doudizhu\game-server\node_modules\pomelo\lib\server\server.js:242:8)
    at doHandle (C:\www\node.js\pomelo\doudizhu\game-server\node_modules\pomelo\lib\server\server.js:388:3)
    at dispatch (C:\www\node.js\pomelo\doudizhu\game-server\node_modules\pomelo\lib\server\server.js:107:7)
    at next (C:\www\node.js\pomelo\doudizhu\game-server\node_modules\pomelo\lib\common\service\filterService.js:50:7)
    at Service.beforeFilter (C:\www\node.js\pomelo\doudizhu\game-server\node_modules\pomelo\lib\common\service\filterService.js:65:3)
    at beforeFilter (C:\www\node.js\pomelo\doudizhu\game-server\node_modules\pomelo\lib\server\server.js:242:8)
[2017-06-09 18:28:17.592] [INFO] pomelo - [32m[C:\www\node.js\pomelo\doudizhu\game-server\node_modules\pomelo\lib\application.js] [39mapplication inited: "connector-server-1"
[2017-06-09 18:28:18.018] [INFO] pomelo - [32m[C:\www\node.js\pomelo\doudizhu\game-server\node_modules\pomelo\lib\application.js] [39m"connector-server-1" enter after start...
[2017-06-09 18:28:18.028] [INFO] pomelo - [32m[C:\www\node.js\pomelo\doudizhu\game-server\node_modules\pomelo\lib\application.js] [39m"connector-server-1" finish start
[2017-06-09 18:28:18.028] [INFO] pomelo - [32m[C:\www\node.js\pomelo\doudizhu\game-server\node_modules\pomelo\lib\application.js] [39m"connector-server-1" startup in 351 ms
[2017-06-09 18:28:33.949] [DEBUG] pomelo - [36m[C:\www\node.js\pomelo\doudizhu\game-server\node_modules\pomelo\lib\components\connector.js] [39m[connector-server-1] getSession session is created with session id: 1
[2017-06-09 18:28:33.973] [DEBUG] pomelo - [36m[C:\www\node.js\pomelo\doudizhu\game-server\node_modules\pomelo\lib\components\connector.js] [39m[connector-server-1] handleMessage session id: 1, msg: {"id":0,"type":1,"compressRoute":0,"route":"connector.roomHandler.enterRoom","body":{"id":"59350a000cdb5c5d0437d7f6","nicheng":"bb","room":"room4"},"compressGzip":0}
[2017-06-09 18:28:33.978] [WARN] pomelo - [33m[C:\www\node.js\pomelo\doudizhu\game-server\node_modules\pomelo\lib\common\service\handlerService.js] [39mcould not find handler for routeRecord: {"route":"connector.roomHandler.enterRoom","serverType":"connector","handler":"roomHandler","method":"enterRoom"}
[2017-06-09 18:28:33.979] [ERROR] pomelo - [31m[C:\www\node.js\pomelo\doudizhu\game-server\node_modules\pomelo\lib\common\service\handlerService.js] [39m[handleManager]: fail to find handler for "connector.roomHandler.enterRoom"
[2017-06-09 18:28:33.984] [DEBUG] pomelo - [36m[C:\www\node.js\pomelo\doudizhu\game-server\node_modules\pomelo\lib\server\server.js] [39mno default error handler to resolve unknown exception. Error: fail to find handler for connector.roomHandler.enterRoom
    at Service.handle (C:\www\node.js\pomelo\doudizhu\game-server\node_modules\pomelo\lib\common\service\handlerService.js:35:30)
    at handle (C:\www\node.js\pomelo\doudizhu\game-server\node_modules\pomelo\lib\server\server.js:375:25)
    at next (C:\www\node.js\pomelo\doudizhu\game-server\node_modules\pomelo\lib\common\service\filterService.js:50:7)
    at Service.beforeFilter (C:\www\node.js\pomelo\doudizhu\game-server\node_modules\pomelo\lib\common\service\filterService.js:65:3)
    at beforeFilter (C:\www\node.js\pomelo\doudizhu\game-server\node_modules\pomelo\lib\server\server.js:242:8)
    at doHandle (C:\www\node.js\pomelo\doudizhu\game-server\node_modules\pomelo\lib\server\server.js:388:3)
    at dispatch (C:\www\node.js\pomelo\doudizhu\game-server\node_modules\pomelo\lib\server\server.js:107:7)
    at next (C:\www\node.js\pomelo\doudizhu\game-server\node_modules\pomelo\lib\common\service\filterService.js:50:7)
    at Service.beforeFilter (C:\www\node.js\pomelo\doudizhu\game-server\node_modules\pomelo\lib\common\service\filterService.js:65:3)
    at beforeFilter (C:\www\node.js\pomelo\doudizhu\game-server\node_modules\pomelo\lib\server\server.js:242:8)
[2017-06-09 18:30:59.211] [INFO] pomelo - [32m[C:\www\node.js\pomelo\doudizhu\game-server\node_modules\pomelo\lib\application.js] [39mapplication inited: "connector-server-1"
[2017-06-09 18:30:59.692] [INFO] pomelo - [32m[C:\www\node.js\pomelo\doudizhu\game-server\node_modules\pomelo\lib\application.js] [39m"connector-server-1" enter after start...
[2017-06-09 18:30:59.707] [INFO] pomelo - [32m[C:\www\node.js\pomelo\doudizhu\game-server\node_modules\pomelo\lib\application.js] [39m"connector-server-1" finish start
[2017-06-09 18:30:59.707] [INFO] pomelo - [32m[C:\www\node.js\pomelo\doudizhu\game-server\node_modules\pomelo\lib\application.js] [39m"connector-server-1" startup in 415 ms
[2017-06-09 18:31:18.740] [DEBUG] pomelo - [36m[C:\www\node.js\pomelo\doudizhu\game-server\node_modules\pomelo\lib\components\connector.js] [39m[connector-server-1] getSession session is created with session id: 1
[2017-06-09 18:31:18.770] [DEBUG] pomelo - [36m[C:\www\node.js\pomelo\doudizhu\game-server\node_modules\pomelo\lib\components\connector.js] [39m[connector-server-1] handleMessage session id: 1, msg: {"id":0,"type":1,"compressRoute":0,"route":"connector.roomHandler.enterRoom","body":{"id":"59350a000cdb5c5d0437d7f6","nicheng":"bb","room":"room5"},"compressGzip":0}
[2017-06-09 18:31:18.776] [WARN] pomelo - [33m[C:\www\node.js\pomelo\doudizhu\game-server\node_modules\pomelo\lib\common\service\handlerService.js] [39mcould not find handler for routeRecord: {"route":"connector.roomHandler.enterRoom","serverType":"connector","handler":"roomHandler","method":"enterRoom"}
[2017-06-09 18:31:18.777] [ERROR] pomelo - [31m[C:\www\node.js\pomelo\doudizhu\game-server\node_modules\pomelo\lib\common\service\handlerService.js] [39m[handleManager]: fail to find handler for "connector.roomHandler.enterRoom"
[2017-06-09 18:31:18.782] [DEBUG] pomelo - [36m[C:\www\node.js\pomelo\doudizhu\game-server\node_modules\pomelo\lib\server\server.js] [39mno default error handler to resolve unknown exception. Error: fail to find handler for connector.roomHandler.enterRoom
    at Service.handle (C:\www\node.js\pomelo\doudizhu\game-server\node_modules\pomelo\lib\common\service\handlerService.js:35:30)
    at handle (C:\www\node.js\pomelo\doudizhu\game-server\node_modules\pomelo\lib\server\server.js:375:25)
    at next (C:\www\node.js\pomelo\doudizhu\game-server\node_modules\pomelo\lib\common\service\filterService.js:50:7)
    at Service.beforeFilter (C:\www\node.js\pomelo\doudizhu\game-server\node_modules\pomelo\lib\common\service\filterService.js:65:3)
    at beforeFilter (C:\www\node.js\pomelo\doudizhu\game-server\node_modules\pomelo\lib\server\server.js:242:8)
    at doHandle (C:\www\node.js\pomelo\doudizhu\game-server\node_modules\pomelo\lib\server\server.js:388:3)
    at dispatch (C:\www\node.js\pomelo\doudizhu\game-server\node_modules\pomelo\lib\server\server.js:107:7)
    at next (C:\www\node.js\pomelo\doudizhu\game-server\node_modules\pomelo\lib\common\service\filterService.js:50:7)
    at Service.beforeFilter (C:\www\node.js\pomelo\doudizhu\game-server\node_modules\pomelo\lib\common\service\filterService.js:65:3)
    at beforeFilter (C:\www\node.js\pomelo\doudizhu\game-server\node_modules\pomelo\lib\server\server.js:242:8)
[2017-06-09 18:36:28.092] [INFO] pomelo - [32m[C:\www\node.js\pomelo\doudizhu\game-server\node_modules\pomelo\lib\application.js] [39mapplication inited: "connector-server-1"
[2017-06-09 18:36:28.511] [INFO] pomelo - [32m[C:\www\node.js\pomelo\doudizhu\game-server\node_modules\pomelo\lib\application.js] [39m"connector-server-1" enter after start...
[2017-06-09 18:36:28.524] [INFO] pomelo - [32m[C:\www\node.js\pomelo\doudizhu\game-server\node_modules\pomelo\lib\application.js] [39m"connector-server-1" finish start
[2017-06-09 18:36:28.524] [INFO] pomelo - [32m[C:\www\node.js\pomelo\doudizhu\game-server\node_modules\pomelo\lib\application.js] [39m"connector-server-1" startup in 357 ms
[2017-06-09 18:36:37.024] [DEBUG] pomelo - [36m[C:\www\node.js\pomelo\doudizhu\game-server\node_modules\pomelo\lib\components\connector.js] [39m[connector-server-1] getSession session is created with session id: 1
[2017-06-09 18:36:37.045] [DEBUG] pomelo - [36m[C:\www\node.js\pomelo\doudizhu\game-server\node_modules\pomelo\lib\components\connector.js] [39m[connector-server-1] handleMessage session id: 1, msg: {"id":0,"type":1,"compressRoute":0,"route":"connector.roomHandler.enterRoom","body":{"id":"59350a000cdb5c5d0437d7f6","nicheng":"bb","room":"room7"},"compressGzip":0}
[2017-06-09 18:36:37.057] [DEBUG] pomelo - [36m[C:\www\node.js\pomelo\doudizhu\game-server\node_modules\pomelo\lib\components\connector.js] [39msession on [connector-server-1] bind with uid: 59350a000cdb5c5d0437d7f6
[2017-06-09 18:36:37.062] [WARN] pomelo - [33m[C:\www\node.js\pomelo\doudizhu\game-server\node_modules\pomelo\lib\components\connector.js] [39mtry to response to a notify: "connector.roomHandler.enterRoom"
[2017-06-09 18:36:37.063] [DEBUG] pomelo - [36m[C:\www\node.js\pomelo\doudizhu\game-server\node_modules\pomelo\lib\common\service\channelService.js] [39m[connector-server-1] channelService sendMessageByGroup route: enterRoom, msg: "bb进入房间了", groups: {"connector-server-1":["59350a000cdb5c5d0437d7f6"]}, opts: {}
[2017-06-09 18:36:37.066] [DEBUG] pomelo - [36m[C:\www\node.js\pomelo\doudizhu\game-server\node_modules\pomelo\lib\common\remote\frontend\channelRemote.js] [39m[connector-server-1] pushMessage uids: ["59350a000cdb5c5d0437d7f6"], msg: "bb进入房间了", sids: [1]
[2017-06-09 18:36:37.068] [DEBUG] pomelo - [36m[C:\www\node.js\pomelo\doudizhu\game-server\node_modules\pomelo\lib\components\connector.js] [39m[connector-server-1] send message reqId: null, route: enterRoom, msg: "bb进入房间了", receivers: [1], opts: {"type":"push","userOptions":{},"isPush":true}
[2017-06-09 18:39:37.415] [DEBUG] pomelo - [36m[C:\www\node.js\pomelo\doudizhu\game-server\node_modules\pomelo\lib\components\connector.js] [39m[connector-server-1] getSession session is created with session id: 2
[2017-06-09 18:39:37.428] [DEBUG] pomelo - [36m[C:\www\node.js\pomelo\doudizhu\game-server\node_modules\pomelo\lib\components\connector.js] [39m[connector-server-1] handleMessage session id: 2, msg: {"id":0,"type":1,"compressRoute":0,"route":"connector.roomHandler.enterRoom","body":{},"compressGzip":0}
[2017-06-09 18:39:37.429] [DEBUG] pomelo - [36m[C:\www\node.js\pomelo\doudizhu\game-server\node_modules\pomelo\lib\components\connector.js] [39msession on [connector-server-1] bind with uid: undefined
[2017-06-09 18:39:37.430] [WARN] pomelo - [33m[C:\www\node.js\pomelo\doudizhu\game-server\node_modules\pomelo\lib\components\connector.js] [39mtry to response to a notify: "connector.roomHandler.enterRoom"
[2017-06-09 18:39:37.431] [DEBUG] pomelo - [36m[C:\www\node.js\pomelo\doudizhu\game-server\node_modules\pomelo\lib\common\service\channelService.js] [39m[connector-server-1] channelService sendMessageByGroup route: enterRoom, msg: "undefined进入房间了", groups: {"connector-server-1":[null]}, opts: {}
[2017-06-09 18:39:37.432] [DEBUG] pomelo - [36m[C:\www\node.js\pomelo\doudizhu\game-server\node_modules\pomelo\lib\common\remote\frontend\channelRemote.js] [39m[connector-server-1] pushMessage uids: [null], msg: "undefined进入房间了", sids: [2]
[2017-06-09 18:39:37.432] [DEBUG] pomelo - [36m[C:\www\node.js\pomelo\doudizhu\game-server\node_modules\pomelo\lib\components\connector.js] [39m[connector-server-1] send message reqId: null, route: enterRoom, msg: "undefined进入房间了", receivers: [2], opts: {"type":"push","userOptions":{},"isPush":true}
[2017-06-09 18:39:39.131] [INFO] pomelo - [32m[C:\www\node.js\pomelo\doudizhu\game-server\node_modules\pomelo\lib\connectors\commands\heartbeat.js] [39mclient 1 heartbeat timeout.
[2017-06-09 18:39:39.133] [DEBUG] pomelo - [36m[C:\www\node.js\pomelo\doudizhu\game-server\node_modules\pomelo\lib\common\service\sessionService.js] [39msession on [connector-server-1] is closed with session id: 1
[2017-06-09 18:39:43.428] [INFO] pomelo - [32m[C:\www\node.js\pomelo\doudizhu\game-server\node_modules\pomelo\lib\connectors\commands\heartbeat.js] [39mclient 2 heartbeat timeout.
[2017-06-09 18:39:43.429] [DEBUG] pomelo - [36m[C:\www\node.js\pomelo\doudizhu\game-server\node_modules\pomelo\lib\common\service\sessionService.js] [39msession on [connector-server-1] is closed with session id: 2
[2017-06-09 18:42:43.050] [DEBUG] pomelo - [36m[C:\www\node.js\pomelo\doudizhu\game-server\node_modules\pomelo\lib\components\connector.js] [39m[connector-server-1] getSession session is created with session id: 3
[2017-06-09 18:42:43.061] [DEBUG] pomelo - [36m[C:\www\node.js\pomelo\doudizhu\game-server\node_modules\pomelo\lib\components\connector.js] [39m[connector-server-1] handleMessage session id: 3, msg: {"id":0,"type":1,"compressRoute":0,"route":"connector.roomHandler.enterRoom","body":{"id":"59350a000cdb5c5d0437d7f6","nicheng":"bb"},"compressGzip":0}
[2017-06-09 18:42:43.061] [DEBUG] pomelo - [36m[C:\www\node.js\pomelo\doudizhu\game-server\node_modules\pomelo\lib\components\connector.js] [39msession on [connector-server-1] bind with uid: 59350a000cdb5c5d0437d7f6
[2017-06-09 18:42:43.062] [WARN] pomelo - [33m[C:\www\node.js\pomelo\doudizhu\game-server\node_modules\pomelo\lib\components\connector.js] [39mtry to response to a notify: "connector.roomHandler.enterRoom"
[2017-06-09 18:42:43.063] [DEBUG] pomelo - [36m[C:\www\node.js\pomelo\doudizhu\game-server\node_modules\pomelo\lib\common\service\channelService.js] [39m[connector-server-1] channelService sendMessageByGroup route: enterRoom, msg: "bb进入房间了", groups: {"connector-server-1":[null,"59350a000cdb5c5d0437d7f6"]}, opts: {}
[2017-06-09 18:42:43.063] [DEBUG] pomelo - [36m[C:\www\node.js\pomelo\doudizhu\game-server\node_modules\pomelo\lib\common\remote\frontend\channelRemote.js] [39m[connector-server-1] pushMessage uids: [null,"59350a000cdb5c5d0437d7f6"], msg: "bb进入房间了", sids: [3]
[2017-06-09 18:42:43.064] [DEBUG] pomelo - [36m[C:\www\node.js\pomelo\doudizhu\game-server\node_modules\pomelo\lib\components\connector.js] [39m[connector-server-1] send message reqId: null, route: enterRoom, msg: "bb进入房间了", receivers: [3], opts: {"type":"push","userOptions":{},"isPush":true}
[2017-06-09 18:42:49.059] [INFO] pomelo - [32m[C:\www\node.js\pomelo\doudizhu\game-server\node_modules\pomelo\lib\connectors\commands\heartbeat.js] [39mclient 3 heartbeat timeout.
[2017-06-09 18:42:49.059] [DEBUG] pomelo - [36m[C:\www\node.js\pomelo\doudizhu\game-server\node_modules\pomelo\lib\common\service\sessionService.js] [39msession on [connector-server-1] is closed with session id: 3
[2017-06-09 18:47:16.361] [INFO] pomelo - [32m[C:\www\node.js\pomelo\doudizhu\game-server\node_modules\pomelo\lib\application.js] [39mapplication inited: "connector-server-1"
[2017-06-09 18:47:16.833] [INFO] pomelo - [32m[C:\www\node.js\pomelo\doudizhu\game-server\node_modules\pomelo\lib\application.js] [39m"connector-server-1" enter after start...
[2017-06-09 18:47:16.845] [INFO] pomelo - [32m[C:\www\node.js\pomelo\doudizhu\game-server\node_modules\pomelo\lib\application.js] [39m"connector-server-1" finish start
[2017-06-09 18:47:16.846] [INFO] pomelo - [32m[C:\www\node.js\pomelo\doudizhu\game-server\node_modules\pomelo\lib\application.js] [39m"connector-server-1" startup in 387 ms
[2017-06-09 18:47:35.882] [DEBUG] pomelo - [36m[C:\www\node.js\pomelo\doudizhu\game-server\node_modules\pomelo\lib\components\connector.js] [39m[connector-server-1] getSession session is created with session id: 1
[2017-06-09 18:47:35.898] [DEBUG] pomelo - [36m[C:\www\node.js\pomelo\doudizhu\game-server\node_modules\pomelo\lib\components\connector.js] [39m[connector-server-1] handleMessage session id: 1, msg: {"id":0,"type":1,"compressRoute":0,"route":"connector.roomHandler.enterRoom","body":{"id":"5935177c3d44f9086c17aee0","nicheng":"cc"},"compressGzip":0}
[2017-06-09 18:47:35.911] [DEBUG] pomelo - [36m[C:\www\node.js\pomelo\doudizhu\game-server\node_modules\pomelo\lib\components\connector.js] [39msession on [connector-server-1] bind with uid: 5935177c3d44f9086c17aee0
[2017-06-09 18:47:35.913] [WARN] pomelo - [33m[C:\www\node.js\pomelo\doudizhu\game-server\node_modules\pomelo\lib\components\connector.js] [39mtry to response to a notify: "connector.roomHandler.enterRoom"
[2017-06-09 18:47:35.914] [DEBUG] pomelo - [36m[C:\www\node.js\pomelo\doudizhu\game-server\node_modules\pomelo\lib\common\service\channelService.js] [39m[connector-server-1] channelService sendMessageByGroup route: enterRoom, msg: "cc进入房间了", groups: {"connector-server-1":["5935177c3d44f9086c17aee0"]}, opts: {}
[2017-06-09 18:47:35.916] [DEBUG] pomelo - [36m[C:\www\node.js\pomelo\doudizhu\game-server\node_modules\pomelo\lib\common\remote\frontend\channelRemote.js] [39m[connector-server-1] pushMessage uids: ["5935177c3d44f9086c17aee0"], msg: "cc进入房间了", sids: [1]
[2017-06-09 18:47:35.921] [DEBUG] pomelo - [36m[C:\www\node.js\pomelo\doudizhu\game-server\node_modules\pomelo\lib\components\connector.js] [39m[connector-server-1] send message reqId: null, route: enterRoom, msg: "cc进入房间了", receivers: [1], opts: {"type":"push","userOptions":{},"isPush":true}
[2017-06-09 18:50:34.477] [DEBUG] pomelo - [36m[C:\www\node.js\pomelo\doudizhu\game-server\node_modules\pomelo\lib\components\connector.js] [39m[connector-server-1] getSession session is created with session id: 2
[2017-06-09 18:50:34.483] [DEBUG] pomelo - [36m[C:\www\node.js\pomelo\doudizhu\game-server\node_modules\pomelo\lib\components\connector.js] [39m[connector-server-1] handleMessage session id: 2, msg: {"id":0,"type":1,"compressRoute":0,"route":"connector.roomHandler.enterRoom","body":{"id":"5935177c3d44f9086c17aee0","nicheng":"cc"},"compressGzip":0}
[2017-06-09 18:50:34.485] [DEBUG] pomelo - [36m[C:\www\node.js\pomelo\doudizhu\game-server\node_modules\pomelo\lib\components\connector.js] [39msession on [connector-server-1] bind with uid: 5935177c3d44f9086c17aee0
[2017-06-09 18:50:34.486] [WARN] pomelo - [33m[C:\www\node.js\pomelo\doudizhu\game-server\node_modules\pomelo\lib\components\connector.js] [39mtry to response to a notify: "connector.roomHandler.enterRoom"
[2017-06-09 18:50:34.488] [DEBUG] pomelo - [36m[C:\www\node.js\pomelo\doudizhu\game-server\node_modules\pomelo\lib\common\service\channelService.js] [39m[connector-server-1] channelService sendMessageByGroup route: enterRoom, msg: "cc进入房间了", groups: {"connector-server-1":["5935177c3d44f9086c17aee0","5935177c3d44f9086c17aee0"]}, opts: {}
[2017-06-09 18:50:34.488] [DEBUG] pomelo - [36m[C:\www\node.js\pomelo\doudizhu\game-server\node_modules\pomelo\lib\common\remote\frontend\channelRemote.js] [39m[connector-server-1] pushMessage uids: ["5935177c3d44f9086c17aee0","5935177c3d44f9086c17aee0"], msg: "cc进入房间了", sids: [1,2,1,2]
[2017-06-09 18:50:34.489] [DEBUG] pomelo - [36m[C:\www\node.js\pomelo\doudizhu\game-server\node_modules\pomelo\lib\components\connector.js] [39m[connector-server-1] send message reqId: null, route: enterRoom, msg: "cc进入房间了", receivers: [1,2,1,2], opts: {"type":"push","userOptions":{},"isPush":true}
[2017-06-09 18:50:38.127] [INFO] pomelo - [32m[C:\www\node.js\pomelo\doudizhu\game-server\node_modules\pomelo\lib\connectors\commands\heartbeat.js] [39mclient 1 heartbeat timeout.
[2017-06-09 18:50:38.128] [DEBUG] pomelo - [36m[C:\www\node.js\pomelo\doudizhu\game-server\node_modules\pomelo\lib\common\service\sessionService.js] [39msession on [connector-server-1] is closed with session id: 1
[2017-06-09 18:50:40.493] [INFO] pomelo - [32m[C:\www\node.js\pomelo\doudizhu\game-server\node_modules\pomelo\lib\connectors\commands\heartbeat.js] [39mclient 2 heartbeat timeout.
[2017-06-09 18:50:40.494] [DEBUG] pomelo - [36m[C:\www\node.js\pomelo\doudizhu\game-server\node_modules\pomelo\lib\common\service\sessionService.js] [39msession on [connector-server-1] is closed with session id: 2
[2017-06-09 18:50:48.565] [INFO] pomelo - [32m[C:\www\node.js\pomelo\doudizhu\game-server\node_modules\pomelo\lib\application.js] [39mapplication inited: "connector-server-1"
[2017-06-09 18:50:49.004] [INFO] pomelo - [32m[C:\www\node.js\pomelo\doudizhu\game-server\node_modules\pomelo\lib\application.js] [39m"connector-server-1" enter after start...
[2017-06-09 18:50:49.015] [INFO] pomelo - [32m[C:\www\node.js\pomelo\doudizhu\game-server\node_modules\pomelo\lib\application.js] [39m"connector-server-1" finish start
[2017-06-09 18:50:49.015] [INFO] pomelo - [32m[C:\www\node.js\pomelo\doudizhu\game-server\node_modules\pomelo\lib\application.js] [39m"connector-server-1" startup in 374 ms
[2017-06-09 18:51:04.188] [DEBUG] pomelo - [36m[C:\www\node.js\pomelo\doudizhu\game-server\node_modules\pomelo\lib\components\connector.js] [39m[connector-server-1] getSession session is created with session id: 1
[2017-06-09 18:51:04.206] [DEBUG] pomelo - [36m[C:\www\node.js\pomelo\doudizhu\game-server\node_modules\pomelo\lib\components\connector.js] [39m[connector-server-1] handleMessage session id: 1, msg: {"id":0,"type":1,"compressRoute":0,"route":"connector.roomHandler.enterRoom","body":{"id":"5935177c3d44f9086c17aee0","nicheng":"cc"},"compressGzip":0}
[2017-06-09 18:51:04.212] [DEBUG] pomelo - [36m[C:\www\node.js\pomelo\doudizhu\game-server\node_modules\pomelo\lib\components\connector.js] [39msession on [connector-server-1] bind with uid: 5935177c3d44f9086c17aee0
[2017-06-09 18:51:04.216] [WARN] pomelo - [33m[C:\www\node.js\pomelo\doudizhu\game-server\node_modules\pomelo\lib\components\connector.js] [39mtry to response to a notify: "connector.roomHandler.enterRoom"
[2017-06-09 18:51:04.218] [DEBUG] pomelo - [36m[C:\www\node.js\pomelo\doudizhu\game-server\node_modules\pomelo\lib\common\service\channelService.js] [39m[connector-server-1] channelService sendMessageByGroup route: enterRoom, msg: "cc进入undefined房间了", groups: {"connector-server-1":["5935177c3d44f9086c17aee0"]}, opts: {}
[2017-06-09 18:51:04.220] [DEBUG] pomelo - [36m[C:\www\node.js\pomelo\doudizhu\game-server\node_modules\pomelo\lib\common\remote\frontend\channelRemote.js] [39m[connector-server-1] pushMessage uids: ["5935177c3d44f9086c17aee0"], msg: "cc进入undefined房间了", sids: [1]
[2017-06-09 18:51:04.220] [DEBUG] pomelo - [36m[C:\www\node.js\pomelo\doudizhu\game-server\node_modules\pomelo\lib\components\connector.js] [39m[connector-server-1] send message reqId: null, route: enterRoom, msg: "cc进入undefined房间了", receivers: [1], opts: {"type":"push","userOptions":{},"isPush":true}
[2017-06-09 18:51:10.207] [INFO] pomelo - [32m[C:\www\node.js\pomelo\doudizhu\game-server\node_modules\pomelo\lib\connectors\commands\heartbeat.js] [39mclient 1 heartbeat timeout.
[2017-06-09 18:51:10.208] [DEBUG] pomelo - [36m[C:\www\node.js\pomelo\doudizhu\game-server\node_modules\pomelo\lib\common\service\sessionService.js] [39msession on [connector-server-1] is closed with session id: 1
[2017-06-09 18:52:28.432] [DEBUG] pomelo - [36m[C:\www\node.js\pomelo\doudizhu\game-server\node_modules\pomelo\lib\components\connector.js] [39m[connector-server-1] getSession session is created with session id: 2
[2017-06-09 18:52:28.438] [DEBUG] pomelo - [36m[C:\www\node.js\pomelo\doudizhu\game-server\node_modules\pomelo\lib\components\connector.js] [39m[connector-server-1] handleMessage session id: 2, msg: {"id":0,"type":1,"compressRoute":0,"route":"connector.roomHandler.enterRoom","body":{"id":"5935177c3d44f9086c17aee0","nicheng":"cc","room":"room8"},"compressGzip":0}
[2017-06-09 18:52:28.440] [DEBUG] pomelo - [36m[C:\www\node.js\pomelo\doudizhu\game-server\node_modules\pomelo\lib\components\connector.js] [39msession on [connector-server-1] bind with uid: 5935177c3d44f9086c17aee0
[2017-06-09 18:52:28.440] [WARN] pomelo - [33m[C:\www\node.js\pomelo\doudizhu\game-server\node_modules\pomelo\lib\components\connector.js] [39mtry to response to a notify: "connector.roomHandler.enterRoom"
[2017-06-09 18:52:28.444] [DEBUG] pomelo - [36m[C:\www\node.js\pomelo\doudizhu\game-server\node_modules\pomelo\lib\common\service\channelService.js] [39m[connector-server-1] channelService sendMessageByGroup route: enterRoom, msg: "cc进入room8房间了", groups: {"connector-server-1":["5935177c3d44f9086c17aee0"]}, opts: {}
[2017-06-09 18:52:28.445] [DEBUG] pomelo - [36m[C:\www\node.js\pomelo\doudizhu\game-server\node_modules\pomelo\lib\common\remote\frontend\channelRemote.js] [39m[connector-server-1] pushMessage uids: ["5935177c3d44f9086c17aee0"], msg: "cc进入room8房间了", sids: [2]
[2017-06-09 18:52:28.445] [DEBUG] pomelo - [36m[C:\www\node.js\pomelo\doudizhu\game-server\node_modules\pomelo\lib\components\connector.js] [39m[connector-server-1] send message reqId: null, route: enterRoom, msg: "cc进入room8房间了", receivers: [2], opts: {"type":"push","userOptions":{},"isPush":true}
[2017-06-09 18:52:34.436] [INFO] pomelo - [32m[C:\www\node.js\pomelo\doudizhu\game-server\node_modules\pomelo\lib\connectors\commands\heartbeat.js] [39mclient 2 heartbeat timeout.
[2017-06-09 18:52:34.437] [DEBUG] pomelo - [36m[C:\www\node.js\pomelo\doudizhu\game-server\node_modules\pomelo\lib\common\service\sessionService.js] [39msession on [connector-server-1] is closed with session id: 2
[2017-06-09 18:52:43.420] [DEBUG] pomelo - [36m[C:\www\node.js\pomelo\doudizhu\game-server\node_modules\pomelo\lib\components\connector.js] [39m[connector-server-1] getSession session is created with session id: 3
[2017-06-09 18:52:43.426] [DEBUG] pomelo - [36m[C:\www\node.js\pomelo\doudizhu\game-server\node_modules\pomelo\lib\components\connector.js] [39m[connector-server-1] handleMessage session id: 3, msg: {"id":0,"type":1,"compressRoute":0,"route":"connector.roomHandler.enterRoom","body":{"id":"5935177c3d44f9086c17aee0","nicheng":"cc"},"compressGzip":0}
[2017-06-09 18:52:43.426] [DEBUG] pomelo - [36m[C:\www\node.js\pomelo\doudizhu\game-server\node_modules\pomelo\lib\components\connector.js] [39msession on [connector-server-1] bind with uid: 5935177c3d44f9086c17aee0
[2017-06-09 18:52:43.427] [WARN] pomelo - [33m[C:\www\node.js\pomelo\doudizhu\game-server\node_modules\pomelo\lib\components\connector.js] [39mtry to response to a notify: "connector.roomHandler.enterRoom"
[2017-06-09 18:52:43.428] [DEBUG] pomelo - [36m[C:\www\node.js\pomelo\doudizhu\game-server\node_modules\pomelo\lib\common\service\channelService.js] [39m[connector-server-1] channelService sendMessageByGroup route: enterRoom, msg: "cc进入undefined房间了", groups: {"connector-server-1":["5935177c3d44f9086c17aee0"]}, opts: {}
[2017-06-09 18:52:43.428] [DEBUG] pomelo - [36m[C:\www\node.js\pomelo\doudizhu\game-server\node_modules\pomelo\lib\common\remote\frontend\channelRemote.js] [39m[connector-server-1] pushMessage uids: ["5935177c3d44f9086c17aee0"], msg: "cc进入undefined房间了", sids: [3]
[2017-06-09 18:52:43.428] [DEBUG] pomelo - [36m[C:\www\node.js\pomelo\doudizhu\game-server\node_modules\pomelo\lib\components\connector.js] [39m[connector-server-1] send message reqId: null, route: enterRoom, msg: "cc进入undefined房间了", receivers: [3], opts: {"type":"push","userOptions":{},"isPush":true}
[2017-06-09 18:52:49.425] [INFO] pomelo - [32m[C:\www\node.js\pomelo\doudizhu\game-server\node_modules\pomelo\lib\connectors\commands\heartbeat.js] [39mclient 3 heartbeat timeout.
[2017-06-09 18:52:49.426] [DEBUG] pomelo - [36m[C:\www\node.js\pomelo\doudizhu\game-server\node_modules\pomelo\lib\common\service\sessionService.js] [39msession on [connector-server-1] is closed with session id: 3
[2017-06-09 18:55:13.979] [DEBUG] pomelo - [36m[C:\www\node.js\pomelo\doudizhu\game-server\node_modules\pomelo\lib\components\connector.js] [39m[connector-server-1] getSession session is created with session id: 4
[2017-06-09 18:55:14.016] [DEBUG] pomelo - [36m[C:\www\node.js\pomelo\doudizhu\game-server\node_modules\pomelo\lib\components\connector.js] [39m[connector-server-1] handleMessage session id: 4, msg: {"id":0,"type":1,"compressRoute":0,"route":"connector.roomHandler.enterRoom","body":{"id":"59350a000cdb5c5d0437d7f6","nicheng":"bb","room":"room9"},"compressGzip":0}
[2017-06-09 18:55:14.017] [DEBUG] pomelo - [36m[C:\www\node.js\pomelo\doudizhu\game-server\node_modules\pomelo\lib\components\connector.js] [39msession on [connector-server-1] bind with uid: 59350a000cdb5c5d0437d7f6
[2017-06-09 18:55:14.017] [WARN] pomelo - [33m[C:\www\node.js\pomelo\doudizhu\game-server\node_modules\pomelo\lib\components\connector.js] [39mtry to response to a notify: "connector.roomHandler.enterRoom"
[2017-06-09 18:55:14.018] [DEBUG] pomelo - [36m[C:\www\node.js\pomelo\doudizhu\game-server\node_modules\pomelo\lib\common\service\channelService.js] [39m[connector-server-1] channelService sendMessageByGroup route: enterRoom, msg: "bb进入room9房间了", groups: {"connector-server-1":["59350a000cdb5c5d0437d7f6"]}, opts: {}
[2017-06-09 18:55:14.021] [DEBUG] pomelo - [36m[C:\www\node.js\pomelo\doudizhu\game-server\node_modules\pomelo\lib\common\remote\frontend\channelRemote.js] [39m[connector-server-1] pushMessage uids: ["59350a000cdb5c5d0437d7f6"], msg: "bb进入room9房间了", sids: [4]
[2017-06-09 18:55:14.021] [DEBUG] pomelo - [36m[C:\www\node.js\pomelo\doudizhu\game-server\node_modules\pomelo\lib\components\connector.js] [39m[connector-server-1] send message reqId: null, route: enterRoom, msg: "bb进入room9房间了", receivers: [4], opts: {"type":"push","userOptions":{},"isPush":true}
[2017-06-09 18:59:58.536] [DEBUG] pomelo - [36m[C:\www\node.js\pomelo\doudizhu\game-server\node_modules\pomelo\lib\components\connector.js] [39m[connector-server-1] getSession session is created with session id: 5
[2017-06-09 18:59:58.544] [DEBUG] pomelo - [36m[C:\www\node.js\pomelo\doudizhu\game-server\node_modules\pomelo\lib\components\connector.js] [39m[connector-server-1] handleMessage session id: 5, msg: {"id":0,"type":1,"compressRoute":0,"route":"connector.roomHandler.enterRoom","body":{"id":"5935177c3d44f9086c17aee0","nicheng":"cc"},"compressGzip":0}
[2017-06-09 18:59:58.544] [DEBUG] pomelo - [36m[C:\www\node.js\pomelo\doudizhu\game-server\node_modules\pomelo\lib\components\connector.js] [39msession on [connector-server-1] bind with uid: 5935177c3d44f9086c17aee0
[2017-06-09 18:59:58.545] [WARN] pomelo - [33m[C:\www\node.js\pomelo\doudizhu\game-server\node_modules\pomelo\lib\components\connector.js] [39mtry to response to a notify: "connector.roomHandler.enterRoom"
[2017-06-09 18:59:58.545] [DEBUG] pomelo - [36m[C:\www\node.js\pomelo\doudizhu\game-server\node_modules\pomelo\lib\common\service\channelService.js] [39m[connector-server-1] channelService sendMessageByGroup route: enterRoom, msg: "cc进入undefined房间了", groups: {"connector-server-1":["5935177c3d44f9086c17aee0"]}, opts: {}
[2017-06-09 18:59:58.545] [DEBUG] pomelo - [36m[C:\www\node.js\pomelo\doudizhu\game-server\node_modules\pomelo\lib\common\remote\frontend\channelRemote.js] [39m[connector-server-1] pushMessage uids: ["5935177c3d44f9086c17aee0"], msg: "cc进入undefined房间了", sids: [5]
[2017-06-09 18:59:58.546] [DEBUG] pomelo - [36m[C:\www\node.js\pomelo\doudizhu\game-server\node_modules\pomelo\lib\components\connector.js] [39m[connector-server-1] send message reqId: null, route: enterRoom, msg: "cc进入undefined房间了", receivers: [5], opts: {"type":"push","userOptions":{},"isPush":true}
[2017-06-09 19:00:04.542] [INFO] pomelo - [32m[C:\www\node.js\pomelo\doudizhu\game-server\node_modules\pomelo\lib\connectors\commands\heartbeat.js] [39mclient 5 heartbeat timeout.
[2017-06-09 19:00:04.542] [DEBUG] pomelo - [36m[C:\www\node.js\pomelo\doudizhu\game-server\node_modules\pomelo\lib\common\service\sessionService.js] [39msession on [connector-server-1] is closed with session id: 5
[2017-06-09 19:00:09.479] [DEBUG] pomelo - [36m[C:\www\node.js\pomelo\doudizhu\game-server\node_modules\pomelo\lib\components\connector.js] [39m[connector-server-1] getSession session is created with session id: 6
[2017-06-09 19:00:09.490] [DEBUG] pomelo - [36m[C:\www\node.js\pomelo\doudizhu\game-server\node_modules\pomelo\lib\components\connector.js] [39m[connector-server-1] handleMessage session id: 6, msg: {"id":0,"type":1,"compressRoute":0,"route":"connector.roomHandler.enterRoom","body":{"id":"59350a000cdb5c5d0437d7f6","nicheng":"bb"},"compressGzip":0}
[2017-06-09 19:00:09.490] [DEBUG] pomelo - [36m[C:\www\node.js\pomelo\doudizhu\game-server\node_modules\pomelo\lib\components\connector.js] [39msession on [connector-server-1] bind with uid: 59350a000cdb5c5d0437d7f6
[2017-06-09 19:00:09.491] [WARN] pomelo - [33m[C:\www\node.js\pomelo\doudizhu\game-server\node_modules\pomelo\lib\components\connector.js] [39mtry to response to a notify: "connector.roomHandler.enterRoom"
[2017-06-09 19:00:09.491] [DEBUG] pomelo - [36m[C:\www\node.js\pomelo\doudizhu\game-server\node_modules\pomelo\lib\common\service\channelService.js] [39m[connector-server-1] channelService sendMessageByGroup route: enterRoom, msg: "bb进入undefined房间了", groups: {"connector-server-1":["59350a000cdb5c5d0437d7f6"]}, opts: {}
[2017-06-09 19:00:09.491] [DEBUG] pomelo - [36m[C:\www\node.js\pomelo\doudizhu\game-server\node_modules\pomelo\lib\common\remote\frontend\channelRemote.js] [39m[connector-server-1] pushMessage uids: ["59350a000cdb5c5d0437d7f6"], msg: "bb进入undefined房间了", sids: [4,6]
[2017-06-09 19:00:09.491] [DEBUG] pomelo - [36m[C:\www\node.js\pomelo\doudizhu\game-server\node_modules\pomelo\lib\components\connector.js] [39m[connector-server-1] send message reqId: null, route: enterRoom, msg: "bb进入undefined房间了", receivers: [4,6], opts: {"type":"push","userOptions":{},"isPush":true}
[2017-06-09 19:00:14.629] [INFO] pomelo - [32m[C:\www\node.js\pomelo\doudizhu\game-server\node_modules\pomelo\lib\connectors\commands\heartbeat.js] [39mclient 4 heartbeat timeout.
[2017-06-09 19:00:14.629] [DEBUG] pomelo - [36m[C:\www\node.js\pomelo\doudizhu\game-server\node_modules\pomelo\lib\common\service\sessionService.js] [39msession on [connector-server-1] is closed with session id: 4
